<?xml version="1.0" encoding="UTF-8"?>
<testng-results ignored="0" total="4" passed="4" failed="0" skipped="0">
  <reporter-output>
    <line>
      <![CDATA[openBrowser]]>
    </line>
    <line>
      <![CDATA[Shoes For Men- Buy Latest Shoes For Men Online in India | Myntra]]>
    </line>
    <line>
      <![CDATA[Buy Puma Smashic Comfort Casual Sneakers - Casual Shoes for Unisex 21767244 | Myntra]]>
    </line>
    <line>
      <![CDATA[SHOPPING BAG]]>
    </line>
    <line>
      <![CDATA[closeBrowser]]>
    </line>
    <line>
      <![CDATA[openBrowser]]>
    </line>
    <line>
      <![CDATA[Jeans For Men - Buy Jeans For Men online in India]]>
    </line>
    <line>
      <![CDATA[Buy The Lifestyle Co. Men Pure Cotton Baggy Fit Denim Jeans - Jeans for Men 28749636 | Myntra]]>
    </line>
    <line>
      <![CDATA[SHOPPING BAG]]>
    </line>
    <line>
      <![CDATA[closeBrowser]]>
    </line>
    <line>
      <![CDATA[openBrowser]]>
    </line>
    <line>
      <![CDATA[Bangles For Women - Buy Bangles For Women online in India]]>
    </line>
    <line>
      <![CDATA[Buy TAJ BRIDAL STORE Set Of 4 Kundan Stones Studded Bangles - Bangle for Women 37257998 | Myntra]]>
    </line>
    <line>
      <![CDATA[SHOPPING BAG]]>
    </line>
    <line>
      <![CDATA[closeBrowser]]>
    </line>
    <line>
      <![CDATA[openBrowser]]>
    </line>
    <line>
      <![CDATA[Jackets For Women - Buy Jackets For Women online in India]]>
    </line>
    <line>
      <![CDATA[Buy DressBerry Mock Collar Padded Jacket - Jackets for Women 36946120 | Myntra]]>
    </line>
    <line>
      <![CDATA[SHOPPING BAG]]>
    </line>
    <line>
      <![CDATA[closeBrowser]]>
    </line>
  </reporter-output>
  <suite started-at="2025-10-05T13:55:28 IST" name="Default suite" finished-at="2025-10-05T13:57:21 IST" duration-ms="112911">
    <groups>
      <group name="cucumber">
        <method signature="AbstractTestNGCucumberTests.runScenario(io.cucumber.testng.PickleWrapper,io.cucumber.testng.FeatureWrapper)[pri:0, instance:runner.Runner@49438269]" name="runScenario" class="io.cucumber.testng.AbstractTestNGCucumberTests"/>
      </group> <!-- cucumber -->
    </groups>
    <test started-at="2025-10-05T13:55:28 IST" name="Default test" finished-at="2025-10-05T13:57:21 IST" duration-ms="112911">
      <class name="runner.Runner">
        <test-method is-config="true" signature="setUpClass(org.testng.ITestContext)[pri:0, instance:runner.Runner@49438269]" started-at="2025-10-05T13:55:28 IST" name="setUpClass" finished-at="2025-10-05T13:55:29 IST" duration-ms="1622" status="PASS">
          <params>
            <param index="0">
              <value>
                <![CDATA[org.testng.TestRunner@47ac613b]]>
              </value>
            </param>
          </params>
          <reporter-output>
          </reporter-output>
        </test-method> <!-- setUpClass -->
        <test-method signature="runScenario(io.cucumber.testng.PickleWrapper,io.cucumber.testng.FeatureWrapper)[pri:0, instance:runner.Runner@49438269]" started-at="2025-10-05T13:55:29 IST" name="runScenario" description="Runs Cucumber Scenarios" data-provider="scenarios" finished-at="2025-10-05T13:56:00 IST" duration-ms="30661" status="PASS">
          <params>
            <param index="0">
              <value>
                <![CDATA["Add and remove item from cart"]]>
              </value>
            </param>
            <param index="1">
              <value>
                <![CDATA["Cart feature"]]>
              </value>
            </param>
          </params>
          <reporter-output>
            <line>
              <![CDATA[openBrowser]]>
            </line>
            <line>
              <![CDATA[Shoes For Men- Buy Latest Shoes For Men Online in India | Myntra]]>
            </line>
            <line>
              <![CDATA[Buy Puma Smashic Comfort Casual Sneakers - Casual Shoes for Unisex 21767244 | Myntra]]>
            </line>
            <line>
              <![CDATA[SHOPPING BAG]]>
            </line>
            <line>
              <![CDATA[closeBrowser]]>
            </line>
          </reporter-output>
        </test-method> <!-- runScenario -->
        <test-method signature="runScenario(io.cucumber.testng.PickleWrapper,io.cucumber.testng.FeatureWrapper)[pri:0, instance:runner.Runner@49438269]" started-at="2025-10-05T13:56:00 IST" name="runScenario" description="Runs Cucumber Scenarios" data-provider="scenarios" finished-at="2025-10-05T13:56:29 IST" duration-ms="28611" status="PASS">
          <params>
            <param index="0">
              <value>
                <![CDATA["Add and remove item from cart"]]>
              </value>
            </param>
            <param index="1">
              <value>
                <![CDATA["Cart feature"]]>
              </value>
            </param>
          </params>
          <reporter-output>
            <line>
              <![CDATA[openBrowser]]>
            </line>
            <line>
              <![CDATA[Jeans For Men - Buy Jeans For Men online in India]]>
            </line>
            <line>
              <![CDATA[Buy The Lifestyle Co. Men Pure Cotton Baggy Fit Denim Jeans - Jeans for Men 28749636 | Myntra]]>
            </line>
            <line>
              <![CDATA[SHOPPING BAG]]>
            </line>
            <line>
              <![CDATA[closeBrowser]]>
            </line>
          </reporter-output>
        </test-method> <!-- runScenario -->
        <test-method signature="runScenario(io.cucumber.testng.PickleWrapper,io.cucumber.testng.FeatureWrapper)[pri:0, instance:runner.Runner@49438269]" started-at="2025-10-05T13:56:29 IST" name="runScenario" description="Runs Cucumber Scenarios" data-provider="scenarios" finished-at="2025-10-05T13:56:54 IST" duration-ms="25788" status="PASS">
          <params>
            <param index="0">
              <value>
                <![CDATA["Add and remove item from cart"]]>
              </value>
            </param>
            <param index="1">
              <value>
                <![CDATA["Cart feature"]]>
              </value>
            </param>
          </params>
          <reporter-output>
            <line>
              <![CDATA[openBrowser]]>
            </line>
            <line>
              <![CDATA[Bangles For Women - Buy Bangles For Women online in India]]>
            </line>
            <line>
              <![CDATA[Buy TAJ BRIDAL STORE Set Of 4 Kundan Stones Studded Bangles - Bangle for Women 37257998 | Myntra]]>
            </line>
            <line>
              <![CDATA[SHOPPING BAG]]>
            </line>
            <line>
              <![CDATA[closeBrowser]]>
            </line>
          </reporter-output>
        </test-method> <!-- runScenario -->
        <test-method signature="runScenario(io.cucumber.testng.PickleWrapper,io.cucumber.testng.FeatureWrapper)[pri:0, instance:runner.Runner@49438269]" started-at="2025-10-05T13:56:54 IST" name="runScenario" description="Runs Cucumber Scenarios" data-provider="scenarios" finished-at="2025-10-05T13:57:20 IST" duration-ms="26007" status="PASS">
          <params>
            <param index="0">
              <value>
                <![CDATA["Add and remove item from cart"]]>
              </value>
            </param>
            <param index="1">
              <value>
                <![CDATA["Cart feature"]]>
              </value>
            </param>
          </params>
          <reporter-output>
            <line>
              <![CDATA[openBrowser]]>
            </line>
            <line>
              <![CDATA[Jackets For Women - Buy Jackets For Women online in India]]>
            </line>
            <line>
              <![CDATA[Buy DressBerry Mock Collar Padded Jacket - Jackets for Women 36946120 | Myntra]]>
            </line>
            <line>
              <![CDATA[SHOPPING BAG]]>
            </line>
            <line>
              <![CDATA[closeBrowser]]>
            </line>
          </reporter-output>
        </test-method> <!-- runScenario -->
        <test-method is-config="true" signature="tearDownClass()[pri:0, instance:runner.Runner@49438269]" started-at="2025-10-05T13:57:20 IST" name="tearDownClass" finished-at="2025-10-05T13:57:21 IST" duration-ms="124" status="PASS">
          <reporter-output>
          </reporter-output>
        </test-method> <!-- tearDownClass -->
      </class> <!-- runner.Runner -->
    </test> <!-- Default test -->
  </suite> <!-- Default suite -->
</testng-results>
