<?xml version="1.0" encoding="UTF-8"?>
<testng-results ignored="0" total="1" passed="1" failed="0" skipped="0">
  <reporter-output>
    <line>
      <![CDATA[openBrowser]]>
    </line>
    <line>
      <![CDATA[login]]>
    </line>
    <line>
      <![CDATA[Myntra Home Page]]>
    </line>
    <line>
      <![CDATA[logout]]>
    </line>
    <line>
      <![CDATA[closeBrowser]]>
    </line>
  </reporter-output>
  <suite started-at="2025-10-04T16:45:03 IST" name="Default suite" finished-at="2025-10-04T16:45:04 IST" duration-ms="1570">
    <groups>
      <group name="cucumber">
        <method signature="AbstractTestNGCucumberTests.runScenario(io.cucumber.testng.PickleWrapper,io.cucumber.testng.FeatureWrapper)[pri:0, instance:runner.Runner@49438269]" name="runScenario" class="io.cucumber.testng.AbstractTestNGCucumberTests"/>
      </group> <!-- cucumber -->
    </groups>
    <test started-at="2025-10-04T16:45:03 IST" name="Default test" finished-at="2025-10-04T16:45:04 IST" duration-ms="1570">
      <class name="runner.Runner">
        <test-method is-config="true" signature="setUpClass(org.testng.ITestContext)[pri:0, instance:runner.Runner@49438269]" started-at="2025-10-04T16:45:03 IST" name="setUpClass" finished-at="2025-10-04T16:45:04 IST" duration-ms="1234" status="PASS">
          <params>
            <param index="0">
              <value>
                <![CDATA[org.testng.TestRunner@512d92b]]>
              </value>
            </param>
          </params>
          <reporter-output>
          </reporter-output>
        </test-method> <!-- setUpClass -->
        <test-method signature="runScenario(io.cucumber.testng.PickleWrapper,io.cucumber.testng.FeatureWrapper)[pri:0, instance:runner.Runner@49438269]" started-at="2025-10-04T16:45:04 IST" name="runScenario" description="Runs Cucumber Scenarios" data-provider="scenarios" finished-at="2025-10-04T16:45:04 IST" duration-ms="144" status="PASS">
          <params>
            <param index="0">
              <value>
                <![CDATA["Automate myntra"]]>
              </value>
            </param>
            <param index="1">
              <value>
                <![CDATA["Cucumber options"]]>
              </value>
            </param>
          </params>
          <reporter-output>
            <line>
              <![CDATA[openBrowser]]>
            </line>
            <line>
              <![CDATA[login]]>
            </line>
            <line>
              <![CDATA[Myntra Home Page]]>
            </line>
            <line>
              <![CDATA[logout]]>
            </line>
            <line>
              <![CDATA[closeBrowser]]>
            </line>
          </reporter-output>
        </test-method> <!-- runScenario -->
        <test-method is-config="true" signature="tearDownClass()[pri:0, instance:runner.Runner@49438269]" started-at="2025-10-04T16:45:04 IST" name="tearDownClass" finished-at="2025-10-04T16:45:04 IST" duration-ms="105" status="PASS">
          <reporter-output>
          </reporter-output>
        </test-method> <!-- tearDownClass -->
      </class> <!-- runner.Runner -->
    </test> <!-- Default test -->
  </suite> <!-- Default suite -->
</testng-results>
